<?xml version="1.0" encoding="UTF-8"?>
<testng-results ignored="0" total="3" passed="0" failed="0" skipped="3">
  <reporter-output>
  </reporter-output>
  <suite started-at="2021-10-11T23:52:43 IST" name="Mercury Travels Test Suite" finished-at="2021-10-11T23:52:46 IST" duration-ms="2942">
    <groups>
      <group name="Sanity">
        <method signature="HomePageTests.verifyLogOff()[pri:2, instance:com.mercurytravel.test.HomePageTests@4e7912d8]" name="verifyLogOff" class="com.mercurytravel.test.HomePageTests"/>
        <method signature="HomePageTests.verifyTitleOfTheHomePage()[pri:0, instance:com.mercurytravel.test.HomePageTests@4e7912d8]" name="verifyTitleOfTheHomePage" class="com.mercurytravel.test.HomePageTests"/>
        <method signature="HomePageTests.verifyUserLogin()[pri:1, instance:com.mercurytravel.test.HomePageTests@4e7912d8]" name="verifyUserLogin" class="com.mercurytravel.test.HomePageTests"/>
      </group> <!-- Sanity -->
    </groups>
    <test started-at="2021-10-11T23:52:43 IST" name="Homepage Tests" finished-at="2021-10-11T23:52:46 IST" duration-ms="2942">
      <class name="com.mercurytravel.test.HomePageTests">
        <test-method is-config="true" signature="initialSetup()[pri:0, instance:com.mercurytravel.test.HomePageTests@4e7912d8]" started-at="2021-10-11T23:52:43 IST" name="initialSetup" finished-at="2021-10-11T23:52:43 IST" duration-ms="294" status="PASS">
          <reporter-output>
          </reporter-output>
        </test-method> <!-- initialSetup -->
        <test-method is-config="true" signature="invokeBrowser()[pri:0, instance:com.mercurytravel.test.HomePageTests@4e7912d8]" started-at="2021-10-11T23:52:43 IST" name="invokeBrowser" finished-at="2021-10-11T23:52:46 IST" duration-ms="2829" status="FAIL">
          <exception class="org.openqa.selenium.SessionNotCreatedException">
            <message>
              <![CDATA[session not created: This version of ChromeDriver only supports Chrome version 91
Current browser version is 94.0.4606.81 with binary path C:\Program Files (x86)\Google\Chrome\Application\chrome.exe
Build info: version: '3.141.59', revision: 'e82be7d358', time: '2018-11-14T08:17:03'
System info: host: 'USLOSRAVSHUKLA4', ip: '192.168.1.15', os.name: 'Windows 10', os.arch: 'amd64', os.version: '10.0', java.version: '15.0.1'
Driver info: driver.version: CommonDriver
remote stacktrace: Backtrace:
Ordinal0 [0x002B2DB3+2502067]
Ordinal0 [0x0024C5B1+2082225]
Ordinal0 [0x00152498+1057944]
Ordinal0 [0x001705DA+1181146]
Ordinal0 [0x0016C43C+1164348]
Ordinal0 [0x00169C73+1154163]
Ordinal0 [0x00199A22+1350178]
Ordinal0 [0x0019967A+1349242]
Ordinal0 [0x00195BEB+1334251]
Ordinal0 [0x00172174+1188212]
Ordinal0 [0x00173009+1191945]
GetHandleVerifier [0x0042EC5C+1511084]
GetHandleVerifier [0x004D8522+2205554]
GetHandleVerifier [0x00333393+480739]
GetHandleVerifier [0x00332579+477129]
Ordinal0 [0x00251E5D+2104925]
Ordinal0 [0x002563F8+2122744]
Ordinal0 [0x00256537+2123063]
Ordinal0 [0x0025EE53+2158163]
BaseThreadInitThunk [0x75306359+25]
RtlGetAppContainerNamedObjectPath [0x775087A4+228]
RtlGetAppContainerNamedObjectPath [0x77508774+180]
(No symbol) [0x00000000]
]]>
            </message>
            <full-stacktrace>
              <![CDATA[org.openqa.selenium.SessionNotCreatedException: session not created: This version of ChromeDriver only supports Chrome version 91
Current browser version is 94.0.4606.81 with binary path C:\Program Files (x86)\Google\Chrome\Application\chrome.exe
Build info: version: '3.141.59', revision: 'e82be7d358', time: '2018-11-14T08:17:03'
System info: host: 'USLOSRAVSHUKLA4', ip: '192.168.1.15', os.name: 'Windows 10', os.arch: 'amd64', os.version: '10.0', java.version: '15.0.1'
Driver info: driver.version: CommonDriver
remote stacktrace: Backtrace:
Ordinal0 [0x002B2DB3+2502067]
Ordinal0 [0x0024C5B1+2082225]
Ordinal0 [0x00152498+1057944]
Ordinal0 [0x001705DA+1181146]
Ordinal0 [0x0016C43C+1164348]
Ordinal0 [0x00169C73+1154163]
Ordinal0 [0x00199A22+1350178]
Ordinal0 [0x0019967A+1349242]
Ordinal0 [0x00195BEB+1334251]
Ordinal0 [0x00172174+1188212]
Ordinal0 [0x00173009+1191945]
GetHandleVerifier [0x0042EC5C+1511084]
GetHandleVerifier [0x004D8522+2205554]
GetHandleVerifier [0x00333393+480739]
GetHandleVerifier [0x00332579+477129]
Ordinal0 [0x00251E5D+2104925]
Ordinal0 [0x002563F8+2122744]
Ordinal0 [0x00256537+2123063]
Ordinal0 [0x0025EE53+2158163]
BaseThreadInitThunk [0x75306359+25]
RtlGetAppContainerNamedObjectPath [0x775087A4+228]
RtlGetAppContainerNamedObjectPath [0x77508774+180]
(No symbol) [0x00000000]

at java.base/jdk.internal.reflect.NativeConstructorAccessorImpl.newInstance0(Native Method)
at java.base/jdk.internal.reflect.NativeConstructorAccessorImpl.newInstance(NativeConstructorAccessorImpl.java:64)
at java.base/jdk.internal.reflect.DelegatingConstructorAccessorImpl.newInstance(DelegatingConstructorAccessorImpl.java:45)
at java.base/java.lang.reflect.Constructor.newInstanceWithCaller(Constructor.java:500)
at java.base/java.lang.reflect.Constructor.newInstance(Constructor.java:481)
at org.openqa.selenium.remote.W3CHandshakeResponse.lambda$errorHandler$0(W3CHandshakeResponse.java:62)
at org.openqa.selenium.remote.HandshakeResponse.lambda$getResponseFunction$0(HandshakeResponse.java:30)
at org.openqa.selenium.remote.ProtocolHandshake.lambda$createSession$0(ProtocolHandshake.java:126)
at java.base/java.util.stream.ReferencePipeline$3$1.accept(ReferencePipeline.java:195)
at java.base/java.util.Spliterators$ArraySpliterator.tryAdvance(Spliterators.java:958)
at java.base/java.util.stream.ReferencePipeline.forEachWithCancel(ReferencePipeline.java:127)
at java.base/java.util.stream.AbstractPipeline.copyIntoWithCancel(AbstractPipeline.java:502)
at java.base/java.util.stream.AbstractPipeline.copyInto(AbstractPipeline.java:488)
at java.base/java.util.stream.AbstractPipeline.wrapAndCopyInto(AbstractPipeline.java:474)
at java.base/java.util.stream.FindOps$FindOp.evaluateSequential(FindOps.java:150)
at java.base/java.util.stream.AbstractPipeline.evaluate(AbstractPipeline.java:234)
at java.base/java.util.stream.ReferencePipeline.findFirst(ReferencePipeline.java:543)
at org.openqa.selenium.remote.ProtocolHandshake.createSession(ProtocolHandshake.java:128)
at org.openqa.selenium.remote.ProtocolHandshake.createSession(ProtocolHandshake.java:74)
at org.openqa.selenium.remote.HttpCommandExecutor.execute(HttpCommandExecutor.java:136)
at org.openqa.selenium.remote.service.DriverCommandExecutor.execute(DriverCommandExecutor.java:83)
at org.openqa.selenium.remote.RemoteWebDriver.execute(RemoteWebDriver.java:552)
at org.openqa.selenium.remote.RemoteWebDriver.startSession(RemoteWebDriver.java:213)
at org.openqa.selenium.remote.RemoteWebDriver.<init>(RemoteWebDriver.java:131)
at org.openqa.selenium.chrome.ChromeDriver.<init>(ChromeDriver.java:181)
at org.openqa.selenium.chrome.ChromeDriver.<init>(ChromeDriver.java:168)
at org.openqa.selenium.chrome.ChromeDriver.<init>(ChromeDriver.java:123)
at commonLibs.implementation.CommonDriver.<init>(CommonDriver.java:27)
at com.mercurytravel.test.BaseOperation.invokeBrowser(BaseOperation.java:64)
at java.base/jdk.internal.reflect.NativeMethodAccessorImpl.invoke0(Native Method)
at java.base/jdk.internal.reflect.NativeMethodAccessorImpl.invoke(NativeMethodAccessorImpl.java:64)
at java.base/jdk.internal.reflect.DelegatingMethodAccessorImpl.invoke(DelegatingMethodAccessorImpl.java:43)
at java.base/java.lang.reflect.Method.invoke(Method.java:564)
at org.testng.internal.MethodInvocationHelper.invokeMethod(MethodInvocationHelper.java:134)
at org.testng.internal.MethodInvocationHelper.invokeMethodConsideringTimeout(MethodInvocationHelper.java:63)
at org.testng.internal.ConfigInvoker.invokeConfigurationMethod(ConfigInvoker.java:348)
at org.testng.internal.ConfigInvoker.invokeConfigurations(ConfigInvoker.java:302)
at org.testng.internal.TestMethodWorker.invokeBeforeClassMethods(TestMethodWorker.java:176)
at org.testng.internal.TestMethodWorker.run(TestMethodWorker.java:122)
at java.base/java.util.ArrayList.forEach(ArrayList.java:1511)
at org.testng.TestRunner.privateRun(TestRunner.java:766)
at org.testng.TestRunner.run(TestRunner.java:587)
at org.testng.SuiteRunner.runTest(SuiteRunner.java:384)
at org.testng.SuiteRunner.runSequentially(SuiteRunner.java:378)
at org.testng.SuiteRunner.privateRun(SuiteRunner.java:337)
at org.testng.SuiteRunner.run(SuiteRunner.java:286)
at org.testng.SuiteRunnerWorker.runSuite(SuiteRunnerWorker.java:53)
at org.testng.SuiteRunnerWorker.run(SuiteRunnerWorker.java:96)
at org.testng.TestNG.runSuitesSequentially(TestNG.java:1187)
at org.testng.TestNG.runSuitesLocally(TestNG.java:1109)
at org.testng.TestNG.runSuites(TestNG.java:1039)
at org.testng.TestNG.run(TestNG.java:1007)
at org.testng.remote.AbstractRemoteTestNG.run(AbstractRemoteTestNG.java:115)
at org.testng.remote.RemoteTestNG.initAndRun(RemoteTestNG.java:251)
at org.testng.remote.RemoteTestNG.main(RemoteTestNG.java:77)
]]>
            </full-stacktrace>
          </exception> <!-- org.openqa.selenium.SessionNotCreatedException -->
          <reporter-output>
          </reporter-output>
        </test-method> <!-- invokeBrowser -->
        <test-method signature="verifyTitleOfTheHomePage()[pri:0, instance:com.mercurytravel.test.HomePageTests@4e7912d8]" started-at="2021-10-11T23:52:46 IST" name="verifyTitleOfTheHomePage" finished-at="2021-10-11T23:52:46 IST" duration-ms="0" status="SKIP">
          <exception class="org.openqa.selenium.SessionNotCreatedException">
            <message>
              <![CDATA[session not created: This version of ChromeDriver only supports Chrome version 91
Current browser version is 94.0.4606.81 with binary path C:\Program Files (x86)\Google\Chrome\Application\chrome.exe
Build info: version: '3.141.59', revision: 'e82be7d358', time: '2018-11-14T08:17:03'
System info: host: 'USLOSRAVSHUKLA4', ip: '192.168.1.15', os.name: 'Windows 10', os.arch: 'amd64', os.version: '10.0', java.version: '15.0.1'
Driver info: driver.version: CommonDriver
remote stacktrace: Backtrace:
Ordinal0 [0x002B2DB3+2502067]
Ordinal0 [0x0024C5B1+2082225]
Ordinal0 [0x00152498+1057944]
Ordinal0 [0x001705DA+1181146]
Ordinal0 [0x0016C43C+1164348]
Ordinal0 [0x00169C73+1154163]
Ordinal0 [0x00199A22+1350178]
Ordinal0 [0x0019967A+1349242]
Ordinal0 [0x00195BEB+1334251]
Ordinal0 [0x00172174+1188212]
Ordinal0 [0x00173009+1191945]
GetHandleVerifier [0x0042EC5C+1511084]
GetHandleVerifier [0x004D8522+2205554]
GetHandleVerifier [0x00333393+480739]
GetHandleVerifier [0x00332579+477129]
Ordinal0 [0x00251E5D+2104925]
Ordinal0 [0x002563F8+2122744]
Ordinal0 [0x00256537+2123063]
Ordinal0 [0x0025EE53+2158163]
BaseThreadInitThunk [0x75306359+25]
RtlGetAppContainerNamedObjectPath [0x775087A4+228]
RtlGetAppContainerNamedObjectPath [0x77508774+180]
(No symbol) [0x00000000]
]]>
            </message>
            <full-stacktrace>
              <![CDATA[org.openqa.selenium.SessionNotCreatedException: session not created: This version of ChromeDriver only supports Chrome version 91
Current browser version is 94.0.4606.81 with binary path C:\Program Files (x86)\Google\Chrome\Application\chrome.exe
Build info: version: '3.141.59', revision: 'e82be7d358', time: '2018-11-14T08:17:03'
System info: host: 'USLOSRAVSHUKLA4', ip: '192.168.1.15', os.name: 'Windows 10', os.arch: 'amd64', os.version: '10.0', java.version: '15.0.1'
Driver info: driver.version: CommonDriver
remote stacktrace: Backtrace:
Ordinal0 [0x002B2DB3+2502067]
Ordinal0 [0x0024C5B1+2082225]
Ordinal0 [0x00152498+1057944]
Ordinal0 [0x001705DA+1181146]
Ordinal0 [0x0016C43C+1164348]
Ordinal0 [0x00169C73+1154163]
Ordinal0 [0x00199A22+1350178]
Ordinal0 [0x0019967A+1349242]
Ordinal0 [0x00195BEB+1334251]
Ordinal0 [0x00172174+1188212]
Ordinal0 [0x00173009+1191945]
GetHandleVerifier [0x0042EC5C+1511084]
GetHandleVerifier [0x004D8522+2205554]
GetHandleVerifier [0x00333393+480739]
GetHandleVerifier [0x00332579+477129]
Ordinal0 [0x00251E5D+2104925]
Ordinal0 [0x002563F8+2122744]
Ordinal0 [0x00256537+2123063]
Ordinal0 [0x0025EE53+2158163]
BaseThreadInitThunk [0x75306359+25]
RtlGetAppContainerNamedObjectPath [0x775087A4+228]
RtlGetAppContainerNamedObjectPath [0x77508774+180]
(No symbol) [0x00000000]

at java.base/jdk.internal.reflect.NativeConstructorAccessorImpl.newInstance0(Native Method)
at java.base/jdk.internal.reflect.NativeConstructorAccessorImpl.newInstance(NativeConstructorAccessorImpl.java:64)
at java.base/jdk.internal.reflect.DelegatingConstructorAccessorImpl.newInstance(DelegatingConstructorAccessorImpl.java:45)
at java.base/java.lang.reflect.Constructor.newInstanceWithCaller(Constructor.java:500)
at java.base/java.lang.reflect.Constructor.newInstance(Constructor.java:481)
at org.openqa.selenium.remote.W3CHandshakeResponse.lambda$errorHandler$0(W3CHandshakeResponse.java:62)
at org.openqa.selenium.remote.HandshakeResponse.lambda$getResponseFunction$0(HandshakeResponse.java:30)
at org.openqa.selenium.remote.ProtocolHandshake.lambda$createSession$0(ProtocolHandshake.java:126)
at java.base/java.util.stream.ReferencePipeline$3$1.accept(ReferencePipeline.java:195)
at java.base/java.util.Spliterators$ArraySpliterator.tryAdvance(Spliterators.java:958)
at java.base/java.util.stream.ReferencePipeline.forEachWithCancel(ReferencePipeline.java:127)
at java.base/java.util.stream.AbstractPipeline.copyIntoWithCancel(AbstractPipeline.java:502)
at java.base/java.util.stream.AbstractPipeline.copyInto(AbstractPipeline.java:488)
at java.base/java.util.stream.AbstractPipeline.wrapAndCopyInto(AbstractPipeline.java:474)
at java.base/java.util.stream.FindOps$FindOp.evaluateSequential(FindOps.java:150)
at java.base/java.util.stream.AbstractPipeline.evaluate(AbstractPipeline.java:234)
at java.base/java.util.stream.ReferencePipeline.findFirst(ReferencePipeline.java:543)
at org.openqa.selenium.remote.ProtocolHandshake.createSession(ProtocolHandshake.java:128)
at org.openqa.selenium.remote.ProtocolHandshake.createSession(ProtocolHandshake.java:74)
at org.openqa.selenium.remote.HttpCommandExecutor.execute(HttpCommandExecutor.java:136)
at org.openqa.selenium.remote.service.DriverCommandExecutor.execute(DriverCommandExecutor.java:83)
at org.openqa.selenium.remote.RemoteWebDriver.execute(RemoteWebDriver.java:552)
at org.openqa.selenium.remote.RemoteWebDriver.startSession(RemoteWebDriver.java:213)
at org.openqa.selenium.remote.RemoteWebDriver.<init>(RemoteWebDriver.java:131)
at org.openqa.selenium.chrome.ChromeDriver.<init>(ChromeDriver.java:181)
at org.openqa.selenium.chrome.ChromeDriver.<init>(ChromeDriver.java:168)
at org.openqa.selenium.chrome.ChromeDriver.<init>(ChromeDriver.java:123)
at commonLibs.implementation.CommonDriver.<init>(CommonDriver.java:27)
at com.mercurytravel.test.BaseOperation.invokeBrowser(BaseOperation.java:64)
at java.base/jdk.internal.reflect.NativeMethodAccessorImpl.invoke0(Native Method)
at java.base/jdk.internal.reflect.NativeMethodAccessorImpl.invoke(NativeMethodAccessorImpl.java:64)
at java.base/jdk.internal.reflect.DelegatingMethodAccessorImpl.invoke(DelegatingMethodAccessorImpl.java:43)
at java.base/java.lang.reflect.Method.invoke(Method.java:564)
at org.testng.internal.MethodInvocationHelper.invokeMethod(MethodInvocationHelper.java:134)
at org.testng.internal.MethodInvocationHelper.invokeMethodConsideringTimeout(MethodInvocationHelper.java:63)
at org.testng.internal.ConfigInvoker.invokeConfigurationMethod(ConfigInvoker.java:348)
at org.testng.internal.ConfigInvoker.invokeConfigurations(ConfigInvoker.java:302)
at org.testng.internal.TestMethodWorker.invokeBeforeClassMethods(TestMethodWorker.java:176)
at org.testng.internal.TestMethodWorker.run(TestMethodWorker.java:122)
at java.base/java.util.ArrayList.forEach(ArrayList.java:1511)
at org.testng.TestRunner.privateRun(TestRunner.java:766)
at org.testng.TestRunner.run(TestRunner.java:587)
at org.testng.SuiteRunner.runTest(SuiteRunner.java:384)
at org.testng.SuiteRunner.runSequentially(SuiteRunner.java:378)
at org.testng.SuiteRunner.privateRun(SuiteRunner.java:337)
at org.testng.SuiteRunner.run(SuiteRunner.java:286)
at org.testng.SuiteRunnerWorker.runSuite(SuiteRunnerWorker.java:53)
at org.testng.SuiteRunnerWorker.run(SuiteRunnerWorker.java:96)
at org.testng.TestNG.runSuitesSequentially(TestNG.java:1187)
at org.testng.TestNG.runSuitesLocally(TestNG.java:1109)
at org.testng.TestNG.runSuites(TestNG.java:1039)
at org.testng.TestNG.run(TestNG.java:1007)
at org.testng.remote.AbstractRemoteTestNG.run(AbstractRemoteTestNG.java:115)
at org.testng.remote.RemoteTestNG.initAndRun(RemoteTestNG.java:251)
at org.testng.remote.RemoteTestNG.main(RemoteTestNG.java:77)
]]>
            </full-stacktrace>
          </exception> <!-- org.openqa.selenium.SessionNotCreatedException -->
          <reporter-output>
          </reporter-output>
        </test-method> <!-- verifyTitleOfTheHomePage -->
        <test-method is-config="true" signature="afterAMethod(org.testng.ITestResult)[pri:0, instance:com.mercurytravel.test.HomePageTests@4e7912d8]" started-at="2021-10-11T23:52:46 IST" name="afterAMethod" finished-at="1970-01-01T05:30:00 IST" duration-ms="-1633976566760" status="SKIP">
          <reporter-output>
          </reporter-output>
        </test-method> <!-- afterAMethod -->
        <test-method signature="verifyUserLogin()[pri:1, instance:com.mercurytravel.test.HomePageTests@4e7912d8]" started-at="2021-10-11T23:52:46 IST" name="verifyUserLogin" finished-at="2021-10-11T23:52:46 IST" duration-ms="0" status="SKIP">
          <exception class="org.openqa.selenium.SessionNotCreatedException">
            <message>
              <![CDATA[session not created: This version of ChromeDriver only supports Chrome version 91
Current browser version is 94.0.4606.81 with binary path C:\Program Files (x86)\Google\Chrome\Application\chrome.exe
Build info: version: '3.141.59', revision: 'e82be7d358', time: '2018-11-14T08:17:03'
System info: host: 'USLOSRAVSHUKLA4', ip: '192.168.1.15', os.name: 'Windows 10', os.arch: 'amd64', os.version: '10.0', java.version: '15.0.1'
Driver info: driver.version: CommonDriver
remote stacktrace: Backtrace:
Ordinal0 [0x002B2DB3+2502067]
Ordinal0 [0x0024C5B1+2082225]
Ordinal0 [0x00152498+1057944]
Ordinal0 [0x001705DA+1181146]
Ordinal0 [0x0016C43C+1164348]
Ordinal0 [0x00169C73+1154163]
Ordinal0 [0x00199A22+1350178]
Ordinal0 [0x0019967A+1349242]
Ordinal0 [0x00195BEB+1334251]
Ordinal0 [0x00172174+1188212]
Ordinal0 [0x00173009+1191945]
GetHandleVerifier [0x0042EC5C+1511084]
GetHandleVerifier [0x004D8522+2205554]
GetHandleVerifier [0x00333393+480739]
GetHandleVerifier [0x00332579+477129]
Ordinal0 [0x00251E5D+2104925]
Ordinal0 [0x002563F8+2122744]
Ordinal0 [0x00256537+2123063]
Ordinal0 [0x0025EE53+2158163]
BaseThreadInitThunk [0x75306359+25]
RtlGetAppContainerNamedObjectPath [0x775087A4+228]
RtlGetAppContainerNamedObjectPath [0x77508774+180]
(No symbol) [0x00000000]
]]>
            </message>
            <full-stacktrace>
              <![CDATA[org.openqa.selenium.SessionNotCreatedException: session not created: This version of ChromeDriver only supports Chrome version 91
Current browser version is 94.0.4606.81 with binary path C:\Program Files (x86)\Google\Chrome\Application\chrome.exe
Build info: version: '3.141.59', revision: 'e82be7d358', time: '2018-11-14T08:17:03'
System info: host: 'USLOSRAVSHUKLA4', ip: '192.168.1.15', os.name: 'Windows 10', os.arch: 'amd64', os.version: '10.0', java.version: '15.0.1'
Driver info: driver.version: CommonDriver
remote stacktrace: Backtrace:
Ordinal0 [0x002B2DB3+2502067]
Ordinal0 [0x0024C5B1+2082225]
Ordinal0 [0x00152498+1057944]
Ordinal0 [0x001705DA+1181146]
Ordinal0 [0x0016C43C+1164348]
Ordinal0 [0x00169C73+1154163]
Ordinal0 [0x00199A22+1350178]
Ordinal0 [0x0019967A+1349242]
Ordinal0 [0x00195BEB+1334251]
Ordinal0 [0x00172174+1188212]
Ordinal0 [0x00173009+1191945]
GetHandleVerifier [0x0042EC5C+1511084]
GetHandleVerifier [0x004D8522+2205554]
GetHandleVerifier [0x00333393+480739]
GetHandleVerifier [0x00332579+477129]
Ordinal0 [0x00251E5D+2104925]
Ordinal0 [0x002563F8+2122744]
Ordinal0 [0x00256537+2123063]
Ordinal0 [0x0025EE53+2158163]
BaseThreadInitThunk [0x75306359+25]
RtlGetAppContainerNamedObjectPath [0x775087A4+228]
RtlGetAppContainerNamedObjectPath [0x77508774+180]
(No symbol) [0x00000000]

at java.base/jdk.internal.reflect.NativeConstructorAccessorImpl.newInstance0(Native Method)
at java.base/jdk.internal.reflect.NativeConstructorAccessorImpl.newInstance(NativeConstructorAccessorImpl.java:64)
at java.base/jdk.internal.reflect.DelegatingConstructorAccessorImpl.newInstance(DelegatingConstructorAccessorImpl.java:45)
at java.base/java.lang.reflect.Constructor.newInstanceWithCaller(Constructor.java:500)
at java.base/java.lang.reflect.Constructor.newInstance(Constructor.java:481)
at org.openqa.selenium.remote.W3CHandshakeResponse.lambda$errorHandler$0(W3CHandshakeResponse.java:62)
at org.openqa.selenium.remote.HandshakeResponse.lambda$getResponseFunction$0(HandshakeResponse.java:30)
at org.openqa.selenium.remote.ProtocolHandshake.lambda$createSession$0(ProtocolHandshake.java:126)
at java.base/java.util.stream.ReferencePipeline$3$1.accept(ReferencePipeline.java:195)
at java.base/java.util.Spliterators$ArraySpliterator.tryAdvance(Spliterators.java:958)
at java.base/java.util.stream.ReferencePipeline.forEachWithCancel(ReferencePipeline.java:127)
at java.base/java.util.stream.AbstractPipeline.copyIntoWithCancel(AbstractPipeline.java:502)
at java.base/java.util.stream.AbstractPipeline.copyInto(AbstractPipeline.java:488)
at java.base/java.util.stream.AbstractPipeline.wrapAndCopyInto(AbstractPipeline.java:474)
at java.base/java.util.stream.FindOps$FindOp.evaluateSequential(FindOps.java:150)
at java.base/java.util.stream.AbstractPipeline.evaluate(AbstractPipeline.java:234)
at java.base/java.util.stream.ReferencePipeline.findFirst(ReferencePipeline.java:543)
at org.openqa.selenium.remote.ProtocolHandshake.createSession(ProtocolHandshake.java:128)
at org.openqa.selenium.remote.ProtocolHandshake.createSession(ProtocolHandshake.java:74)
at org.openqa.selenium.remote.HttpCommandExecutor.execute(HttpCommandExecutor.java:136)
at org.openqa.selenium.remote.service.DriverCommandExecutor.execute(DriverCommandExecutor.java:83)
at org.openqa.selenium.remote.RemoteWebDriver.execute(RemoteWebDriver.java:552)
at org.openqa.selenium.remote.RemoteWebDriver.startSession(RemoteWebDriver.java:213)
at org.openqa.selenium.remote.RemoteWebDriver.<init>(RemoteWebDriver.java:131)
at org.openqa.selenium.chrome.ChromeDriver.<init>(ChromeDriver.java:181)
at org.openqa.selenium.chrome.ChromeDriver.<init>(ChromeDriver.java:168)
at org.openqa.selenium.chrome.ChromeDriver.<init>(ChromeDriver.java:123)
at commonLibs.implementation.CommonDriver.<init>(CommonDriver.java:27)
at com.mercurytravel.test.BaseOperation.invokeBrowser(BaseOperation.java:64)
at java.base/jdk.internal.reflect.NativeMethodAccessorImpl.invoke0(Native Method)
at java.base/jdk.internal.reflect.NativeMethodAccessorImpl.invoke(NativeMethodAccessorImpl.java:64)
at java.base/jdk.internal.reflect.DelegatingMethodAccessorImpl.invoke(DelegatingMethodAccessorImpl.java:43)
at java.base/java.lang.reflect.Method.invoke(Method.java:564)
at org.testng.internal.MethodInvocationHelper.invokeMethod(MethodInvocationHelper.java:134)
at org.testng.internal.MethodInvocationHelper.invokeMethodConsideringTimeout(MethodInvocationHelper.java:63)
at org.testng.internal.ConfigInvoker.invokeConfigurationMethod(ConfigInvoker.java:348)
at org.testng.internal.ConfigInvoker.invokeConfigurations(ConfigInvoker.java:302)
at org.testng.internal.TestMethodWorker.invokeBeforeClassMethods(TestMethodWorker.java:176)
at org.testng.internal.TestMethodWorker.run(TestMethodWorker.java:122)
at java.base/java.util.ArrayList.forEach(ArrayList.java:1511)
at org.testng.TestRunner.privateRun(TestRunner.java:766)
at org.testng.TestRunner.run(TestRunner.java:587)
at org.testng.SuiteRunner.runTest(SuiteRunner.java:384)
at org.testng.SuiteRunner.runSequentially(SuiteRunner.java:378)
at org.testng.SuiteRunner.privateRun(SuiteRunner.java:337)
at org.testng.SuiteRunner.run(SuiteRunner.java:286)
at org.testng.SuiteRunnerWorker.runSuite(SuiteRunnerWorker.java:53)
at org.testng.SuiteRunnerWorker.run(SuiteRunnerWorker.java:96)
at org.testng.TestNG.runSuitesSequentially(TestNG.java:1187)
at org.testng.TestNG.runSuitesLocally(TestNG.java:1109)
at org.testng.TestNG.runSuites(TestNG.java:1039)
at org.testng.TestNG.run(TestNG.java:1007)
at org.testng.remote.AbstractRemoteTestNG.run(AbstractRemoteTestNG.java:115)
at org.testng.remote.RemoteTestNG.initAndRun(RemoteTestNG.java:251)
at org.testng.remote.RemoteTestNG.main(RemoteTestNG.java:77)
]]>
            </full-stacktrace>
          </exception> <!-- org.openqa.selenium.SessionNotCreatedException -->
          <reporter-output>
          </reporter-output>
        </test-method> <!-- verifyUserLogin -->
        <test-method is-config="true" signature="afterAMethod(org.testng.ITestResult)[pri:0, instance:com.mercurytravel.test.HomePageTests@4e7912d8]" started-at="2021-10-11T23:52:46 IST" name="afterAMethod" finished-at="1970-01-01T05:30:00 IST" duration-ms="-1633976566768" status="SKIP">
          <reporter-output>
          </reporter-output>
        </test-method> <!-- afterAMethod -->
        <test-method signature="verifyLogOff()[pri:2, instance:com.mercurytravel.test.HomePageTests@4e7912d8]" started-at="2021-10-11T23:52:46 IST" name="verifyLogOff" finished-at="2021-10-11T23:52:46 IST" duration-ms="0" status="SKIP">
          <exception class="org.openqa.selenium.SessionNotCreatedException">
            <message>
              <![CDATA[session not created: This version of ChromeDriver only supports Chrome version 91
Current browser version is 94.0.4606.81 with binary path C:\Program Files (x86)\Google\Chrome\Application\chrome.exe
Build info: version: '3.141.59', revision: 'e82be7d358', time: '2018-11-14T08:17:03'
System info: host: 'USLOSRAVSHUKLA4', ip: '192.168.1.15', os.name: 'Windows 10', os.arch: 'amd64', os.version: '10.0', java.version: '15.0.1'
Driver info: driver.version: CommonDriver
remote stacktrace: Backtrace:
Ordinal0 [0x002B2DB3+2502067]
Ordinal0 [0x0024C5B1+2082225]
Ordinal0 [0x00152498+1057944]
Ordinal0 [0x001705DA+1181146]
Ordinal0 [0x0016C43C+1164348]
Ordinal0 [0x00169C73+1154163]
Ordinal0 [0x00199A22+1350178]
Ordinal0 [0x0019967A+1349242]
Ordinal0 [0x00195BEB+1334251]
Ordinal0 [0x00172174+1188212]
Ordinal0 [0x00173009+1191945]
GetHandleVerifier [0x0042EC5C+1511084]
GetHandleVerifier [0x004D8522+2205554]
GetHandleVerifier [0x00333393+480739]
GetHandleVerifier [0x00332579+477129]
Ordinal0 [0x00251E5D+2104925]
Ordinal0 [0x002563F8+2122744]
Ordinal0 [0x00256537+2123063]
Ordinal0 [0x0025EE53+2158163]
BaseThreadInitThunk [0x75306359+25]
RtlGetAppContainerNamedObjectPath [0x775087A4+228]
RtlGetAppContainerNamedObjectPath [0x77508774+180]
(No symbol) [0x00000000]
]]>
            </message>
            <full-stacktrace>
              <![CDATA[org.openqa.selenium.SessionNotCreatedException: session not created: This version of ChromeDriver only supports Chrome version 91
Current browser version is 94.0.4606.81 with binary path C:\Program Files (x86)\Google\Chrome\Application\chrome.exe
Build info: version: '3.141.59', revision: 'e82be7d358', time: '2018-11-14T08:17:03'
System info: host: 'USLOSRAVSHUKLA4', ip: '192.168.1.15', os.name: 'Windows 10', os.arch: 'amd64', os.version: '10.0', java.version: '15.0.1'
Driver info: driver.version: CommonDriver
remote stacktrace: Backtrace:
Ordinal0 [0x002B2DB3+2502067]
Ordinal0 [0x0024C5B1+2082225]
Ordinal0 [0x00152498+1057944]
Ordinal0 [0x001705DA+1181146]
Ordinal0 [0x0016C43C+1164348]
Ordinal0 [0x00169C73+1154163]
Ordinal0 [0x00199A22+1350178]
Ordinal0 [0x0019967A+1349242]
Ordinal0 [0x00195BEB+1334251]
Ordinal0 [0x00172174+1188212]
Ordinal0 [0x00173009+1191945]
GetHandleVerifier [0x0042EC5C+1511084]
GetHandleVerifier [0x004D8522+2205554]
GetHandleVerifier [0x00333393+480739]
GetHandleVerifier [0x00332579+477129]
Ordinal0 [0x00251E5D+2104925]
Ordinal0 [0x002563F8+2122744]
Ordinal0 [0x00256537+2123063]
Ordinal0 [0x0025EE53+2158163]
BaseThreadInitThunk [0x75306359+25]
RtlGetAppContainerNamedObjectPath [0x775087A4+228]
RtlGetAppContainerNamedObjectPath [0x77508774+180]
(No symbol) [0x00000000]

at java.base/jdk.internal.reflect.NativeConstructorAccessorImpl.newInstance0(Native Method)
at java.base/jdk.internal.reflect.NativeConstructorAccessorImpl.newInstance(NativeConstructorAccessorImpl.java:64)
at java.base/jdk.internal.reflect.DelegatingConstructorAccessorImpl.newInstance(DelegatingConstructorAccessorImpl.java:45)
at java.base/java.lang.reflect.Constructor.newInstanceWithCaller(Constructor.java:500)
at java.base/java.lang.reflect.Constructor.newInstance(Constructor.java:481)
at org.openqa.selenium.remote.W3CHandshakeResponse.lambda$errorHandler$0(W3CHandshakeResponse.java:62)
at org.openqa.selenium.remote.HandshakeResponse.lambda$getResponseFunction$0(HandshakeResponse.java:30)
at org.openqa.selenium.remote.ProtocolHandshake.lambda$createSession$0(ProtocolHandshake.java:126)
at java.base/java.util.stream.ReferencePipeline$3$1.accept(ReferencePipeline.java:195)
at java.base/java.util.Spliterators$ArraySpliterator.tryAdvance(Spliterators.java:958)
at java.base/java.util.stream.ReferencePipeline.forEachWithCancel(ReferencePipeline.java:127)
at java.base/java.util.stream.AbstractPipeline.copyIntoWithCancel(AbstractPipeline.java:502)
at java.base/java.util.stream.AbstractPipeline.copyInto(AbstractPipeline.java:488)
at java.base/java.util.stream.AbstractPipeline.wrapAndCopyInto(AbstractPipeline.java:474)
at java.base/java.util.stream.FindOps$FindOp.evaluateSequential(FindOps.java:150)
at java.base/java.util.stream.AbstractPipeline.evaluate(AbstractPipeline.java:234)
at java.base/java.util.stream.ReferencePipeline.findFirst(ReferencePipeline.java:543)
at org.openqa.selenium.remote.ProtocolHandshake.createSession(ProtocolHandshake.java:128)
at org.openqa.selenium.remote.ProtocolHandshake.createSession(ProtocolHandshake.java:74)
at org.openqa.selenium.remote.HttpCommandExecutor.execute(HttpCommandExecutor.java:136)
at org.openqa.selenium.remote.service.DriverCommandExecutor.execute(DriverCommandExecutor.java:83)
at org.openqa.selenium.remote.RemoteWebDriver.execute(RemoteWebDriver.java:552)
at org.openqa.selenium.remote.RemoteWebDriver.startSession(RemoteWebDriver.java:213)
at org.openqa.selenium.remote.RemoteWebDriver.<init>(RemoteWebDriver.java:131)
at org.openqa.selenium.chrome.ChromeDriver.<init>(ChromeDriver.java:181)
at org.openqa.selenium.chrome.ChromeDriver.<init>(ChromeDriver.java:168)
at org.openqa.selenium.chrome.ChromeDriver.<init>(ChromeDriver.java:123)
at commonLibs.implementation.CommonDriver.<init>(CommonDriver.java:27)
at com.mercurytravel.test.BaseOperation.invokeBrowser(BaseOperation.java:64)
at java.base/jdk.internal.reflect.NativeMethodAccessorImpl.invoke0(Native Method)
at java.base/jdk.internal.reflect.NativeMethodAccessorImpl.invoke(NativeMethodAccessorImpl.java:64)
at java.base/jdk.internal.reflect.DelegatingMethodAccessorImpl.invoke(DelegatingMethodAccessorImpl.java:43)
at java.base/java.lang.reflect.Method.invoke(Method.java:564)
at org.testng.internal.MethodInvocationHelper.invokeMethod(MethodInvocationHelper.java:134)
at org.testng.internal.MethodInvocationHelper.invokeMethodConsideringTimeout(MethodInvocationHelper.java:63)
at org.testng.internal.ConfigInvoker.invokeConfigurationMethod(ConfigInvoker.java:348)
at org.testng.internal.ConfigInvoker.invokeConfigurations(ConfigInvoker.java:302)
at org.testng.internal.TestMethodWorker.invokeBeforeClassMethods(TestMethodWorker.java:176)
at org.testng.internal.TestMethodWorker.run(TestMethodWorker.java:122)
at java.base/java.util.ArrayList.forEach(ArrayList.java:1511)
at org.testng.TestRunner.privateRun(TestRunner.java:766)
at org.testng.TestRunner.run(TestRunner.java:587)
at org.testng.SuiteRunner.runTest(SuiteRunner.java:384)
at org.testng.SuiteRunner.runSequentially(SuiteRunner.java:378)
at org.testng.SuiteRunner.privateRun(SuiteRunner.java:337)
at org.testng.SuiteRunner.run(SuiteRunner.java:286)
at org.testng.SuiteRunnerWorker.runSuite(SuiteRunnerWorker.java:53)
at org.testng.SuiteRunnerWorker.run(SuiteRunnerWorker.java:96)
at org.testng.TestNG.runSuitesSequentially(TestNG.java:1187)
at org.testng.TestNG.runSuitesLocally(TestNG.java:1109)
at org.testng.TestNG.runSuites(TestNG.java:1039)
at org.testng.TestNG.run(TestNG.java:1007)
at org.testng.remote.AbstractRemoteTestNG.run(AbstractRemoteTestNG.java:115)
at org.testng.remote.RemoteTestNG.initAndRun(RemoteTestNG.java:251)
at org.testng.remote.RemoteTestNG.main(RemoteTestNG.java:77)
]]>
            </full-stacktrace>
          </exception> <!-- org.openqa.selenium.SessionNotCreatedException -->
          <reporter-output>
          </reporter-output>
        </test-method> <!-- verifyLogOff -->
        <test-method is-config="true" signature="afterAMethod(org.testng.ITestResult)[pri:0, instance:com.mercurytravel.test.HomePageTests@4e7912d8]" started-at="2021-10-11T23:52:46 IST" name="afterAMethod" finished-at="1970-01-01T05:30:00 IST" duration-ms="-1633976566797" status="SKIP">
          <reporter-output>
          </reporter-output>
        </test-method> <!-- afterAMethod -->
        <test-method is-config="true" signature="closeBrowser()[pri:0, instance:com.mercurytravel.test.HomePageTests@4e7912d8]" started-at="2021-10-11T23:52:46 IST" name="closeBrowser" finished-at="1970-01-01T05:30:00 IST" duration-ms="-1633976566800" status="SKIP">
          <reporter-output>
          </reporter-output>
        </test-method> <!-- closeBrowser -->
        <test-method is-config="true" signature="cleanup()[pri:0, instance:com.mercurytravel.test.HomePageTests@4e7912d8]" started-at="2021-10-11T23:52:46 IST" name="cleanup" finished-at="2021-10-11T23:52:47 IST" duration-ms="428" status="PASS">
          <reporter-output>
          </reporter-output>
        </test-method> <!-- cleanup -->
      </class> <!-- com.mercurytravel.test.HomePageTests -->
    </test> <!-- Homepage Tests -->
  </suite> <!-- Mercury Travels Test Suite -->
</testng-results>
