<?xml version="1.0" encoding="UTF-8"?>
<!-- Generated by org.testng.reporters.JUnitXMLReporter -->
<testsuite ignored="0" hostname="USBLRRAVSHUKLA1" failures="0" tests="3" name="Homepage Tests" time="2.942" errors="0" timestamp="2021-10-11T23:52:46 IST">
  <testcase classname="com.mercurytravel.test.BaseOperation" name="@BeforeClass invokeBrowser" time="2.829">
    <failure type="org.openqa.selenium.SessionNotCreatedException" message="session not created: This version of ChromeDriver only supports Chrome version 91
Current browser version is 94.0.4606.81 with binary path C:\Program Files (x86)\Google\Chrome\Application\chrome.exe
Build info: version: &amp;apos;3.141.59&amp;apos;, revision: &amp;apos;e82be7d358&amp;apos;, time: &amp;apos;2018-11-14T08:17:03&amp;apos;
System info: host: &amp;apos;USLOSRAVSHUKLA4&amp;apos;, ip: &amp;apos;192.168.1.15&amp;apos;, os.name: &amp;apos;Windows 10&amp;apos;, os.arch: &amp;apos;amd64&amp;apos;, os.version: &amp;apos;10.0&amp;apos;, java.version: &amp;apos;15.0.1&amp;apos;
Driver info: driver.version: CommonDriver
remote stacktrace: Backtrace:
	Ordinal0 [0x002B2DB3+2502067]
	Ordinal0 [0x0024C5B1+2082225]
	Ordinal0 [0x00152498+1057944]
	Ordinal0 [0x001705DA+1181146]
	Ordinal0 [0x0016C43C+1164348]
	Ordinal0 [0x00169C73+1154163]
	Ordinal0 [0x00199A22+1350178]
	Ordinal0 [0x0019967A+1349242]
	Ordinal0 [0x00195BEB+1334251]
	Ordinal0 [0x00172174+1188212]
	Ordinal0 [0x00173009+1191945]
	GetHandleVerifier [0x0042EC5C+1511084]
	GetHandleVerifier [0x004D8522+2205554]
	GetHandleVerifier [0x00333393+480739]
	GetHandleVerifier [0x00332579+477129]
	Ordinal0 [0x00251E5D+2104925]
	Ordinal0 [0x002563F8+2122744]
	Ordinal0 [0x00256537+2123063]
	Ordinal0 [0x0025EE53+2158163]
	BaseThreadInitThunk [0x75306359+25]
	RtlGetAppContainerNamedObjectPath [0x775087A4+228]
	RtlGetAppContainerNamedObjectPath [0x77508774+180]
	(No symbol) [0x00000000]
">
      <![CDATA[org.openqa.selenium.SessionNotCreatedException: session not created: This version of ChromeDriver only supports Chrome version 91
Current browser version is 94.0.4606.81 with binary path C:\Program Files (x86)\Google\Chrome\Application\chrome.exe
Build info: version: '3.141.59', revision: 'e82be7d358', time: '2018-11-14T08:17:03'
System info: host: 'USLOSRAVSHUKLA4', ip: '192.168.1.15', os.name: 'Windows 10', os.arch: 'amd64', os.version: '10.0', java.version: '15.0.1'
Driver info: driver.version: CommonDriver
remote stacktrace: Backtrace:
Ordinal0 [0x002B2DB3+2502067]
Ordinal0 [0x0024C5B1+2082225]
Ordinal0 [0x00152498+1057944]
Ordinal0 [0x001705DA+1181146]
Ordinal0 [0x0016C43C+1164348]
Ordinal0 [0x00169C73+1154163]
Ordinal0 [0x00199A22+1350178]
Ordinal0 [0x0019967A+1349242]
Ordinal0 [0x00195BEB+1334251]
Ordinal0 [0x00172174+1188212]
Ordinal0 [0x00173009+1191945]
GetHandleVerifier [0x0042EC5C+1511084]
GetHandleVerifier [0x004D8522+2205554]
GetHandleVerifier [0x00333393+480739]
GetHandleVerifier [0x00332579+477129]
Ordinal0 [0x00251E5D+2104925]
Ordinal0 [0x002563F8+2122744]
Ordinal0 [0x00256537+2123063]
Ordinal0 [0x0025EE53+2158163]
BaseThreadInitThunk [0x75306359+25]
RtlGetAppContainerNamedObjectPath [0x775087A4+228]
RtlGetAppContainerNamedObjectPath [0x77508774+180]
(No symbol) [0x00000000]

at org.openqa.selenium.remote.W3CHandshakeResponse.lambda$errorHandler$0(W3CHandshakeResponse.java:62)
at org.openqa.selenium.remote.HandshakeResponse.lambda$getResponseFunction$0(HandshakeResponse.java:30)
at org.openqa.selenium.remote.ProtocolHandshake.lambda$createSession$0(ProtocolHandshake.java:126)
at java.base/java.util.stream.ReferencePipeline$3$1.accept(ReferencePipeline.java:195)
at java.base/java.util.Spliterators$ArraySpliterator.tryAdvance(Spliterators.java:958)
at java.base/java.util.stream.ReferencePipeline.forEachWithCancel(ReferencePipeline.java:127)
at java.base/java.util.stream.AbstractPipeline.copyIntoWithCancel(AbstractPipeline.java:502)
at java.base/java.util.stream.AbstractPipeline.copyInto(AbstractPipeline.java:488)
at java.base/java.util.stream.AbstractPipeline.wrapAndCopyInto(AbstractPipeline.java:474)
at java.base/java.util.stream.FindOps$FindOp.evaluateSequential(FindOps.java:150)
at java.base/java.util.stream.AbstractPipeline.evaluate(AbstractPipeline.java:234)
at java.base/java.util.stream.ReferencePipeline.findFirst(ReferencePipeline.java:543)
at org.openqa.selenium.remote.ProtocolHandshake.createSession(ProtocolHandshake.java:128)
at org.openqa.selenium.remote.ProtocolHandshake.createSession(ProtocolHandshake.java:74)
at org.openqa.selenium.remote.HttpCommandExecutor.execute(HttpCommandExecutor.java:136)
at org.openqa.selenium.remote.service.DriverCommandExecutor.execute(DriverCommandExecutor.java:83)
at org.openqa.selenium.remote.RemoteWebDriver.execute(RemoteWebDriver.java:552)
at org.openqa.selenium.remote.RemoteWebDriver.startSession(RemoteWebDriver.java:213)
at org.openqa.selenium.remote.RemoteWebDriver.<init>(RemoteWebDriver.java:131)
at org.openqa.selenium.chrome.ChromeDriver.<init>(ChromeDriver.java:181)
at org.openqa.selenium.chrome.ChromeDriver.<init>(ChromeDriver.java:168)
at org.openqa.selenium.chrome.ChromeDriver.<init>(ChromeDriver.java:123)
at commonLibs.implementation.CommonDriver.<init>(CommonDriver.java:27)
at com.mercurytravel.test.BaseOperation.invokeBrowser(BaseOperation.java:64)
at java.base/java.util.ArrayList.forEach(ArrayList.java:1511)
... Removed 30 stack frames]]>
    </failure>
  </testcase> <!-- @BeforeClass invokeBrowser -->
  <testcase classname="com.mercurytravel.test.BaseOperation" name="@AfterMethod afterAMethod" time="-1.63397656676E9">
    <skipped/>
  </testcase> <!-- @AfterMethod afterAMethod -->
  <testcase classname="com.mercurytravel.test.BaseOperation" name="@AfterMethod afterAMethod" time="-1.633976566768E9">
    <skipped/>
  </testcase> <!-- @AfterMethod afterAMethod -->
  <testcase classname="com.mercurytravel.test.BaseOperation" name="@AfterMethod afterAMethod" time="-1.633976566797E9">
    <skipped/>
  </testcase> <!-- @AfterMethod afterAMethod -->
  <testcase classname="com.mercurytravel.test.BaseOperation" name="@AfterClass closeBrowser" time="-1.6339765668E9">
    <skipped/>
  </testcase> <!-- @AfterClass closeBrowser -->
  <testcase classname="com.mercurytravel.test.HomePageTests" name="verifyTitleOfTheHomePage" time="0.0">
    <skipped/>
  </testcase> <!-- verifyTitleOfTheHomePage -->
  <testcase classname="com.mercurytravel.test.HomePageTests" name="verifyUserLogin" time="0.0">
    <skipped/>
  </testcase> <!-- verifyUserLogin -->
  <testcase classname="com.mercurytravel.test.HomePageTests" name="verifyLogOff" time="0.0">
    <skipped/>
  </testcase> <!-- verifyLogOff -->
</testsuite> <!-- Homepage Tests -->
